

Started GET "/" for 127.0.0.1 at 2014-06-23 11:40:36 -0400
Processing by Rails::WelcomeController#index as HTML
  Rendered /Users/joansoskin/.rvm/gems/ruby-2.0.0-p451@global/gems/railties-4.1.1/lib/rails/templates/rails/welcome/index.html.erb (1.8ms)
Completed 200 OK in 24ms (Views: 7.6ms | ActiveRecord: 0.0ms)


Started GET "/" for 127.0.0.1 at 2014-06-23 11:40:37 -0400
Processing by Rails::WelcomeController#index as HTML
  Rendered /Users/joansoskin/.rvm/gems/ruby-2.0.0-p451@global/gems/railties-4.1.1/lib/rails/templates/rails/welcome/index.html.erb (0.1ms)
Completed 200 OK in 2ms (Views: 1.5ms | ActiveRecord: 0.0ms)


Started GET "/" for 127.0.0.1 at 2014-06-23 12:19:10 -0400

ActiveRecord::PendingMigrationError (

Migrations are pending. To resolve this issue, run:

	bin/rake db:migrate RAILS_ENV=development

):
  activerecord (4.1.1) lib/active_record/migration.rb:389:in `check_pending!'
  activerecord (4.1.1) lib/active_record/migration.rb:377:in `call'
  actionpack (4.1.1) lib/action_dispatch/middleware/callbacks.rb:29:in `block in call'
  activesupport (4.1.1) lib/active_support/callbacks.rb:82:in `run_callbacks'
  actionpack (4.1.1) lib/action_dispatch/middleware/callbacks.rb:27:in `call'
  actionpack (4.1.1) lib/action_dispatch/middleware/reloader.rb:73:in `call'
  actionpack (4.1.1) lib/action_dispatch/middleware/remote_ip.rb:76:in `call'
  actionpack (4.1.1) lib/action_dispatch/middleware/debug_exceptions.rb:17:in `call'
  actionpack (4.1.1) lib/action_dispatch/middleware/show_exceptions.rb:30:in `call'
  railties (4.1.1) lib/rails/rack/logger.rb:38:in `call_app'
  railties (4.1.1) lib/rails/rack/logger.rb:20:in `block in call'
  activesupport (4.1.1) lib/active_support/tagged_logging.rb:68:in `block in tagged'
  activesupport (4.1.1) lib/active_support/tagged_logging.rb:26:in `tagged'
  activesupport (4.1.1) lib/active_support/tagged_logging.rb:68:in `tagged'
  railties (4.1.1) lib/rails/rack/logger.rb:20:in `call'
  actionpack (4.1.1) lib/action_dispatch/middleware/request_id.rb:21:in `call'
  rack (1.5.2) lib/rack/methodoverride.rb:21:in `call'
  rack (1.5.2) lib/rack/runtime.rb:17:in `call'
  activesupport (4.1.1) lib/active_support/cache/strategy/local_cache_middleware.rb:26:in `call'
  rack (1.5.2) lib/rack/lock.rb:17:in `call'
  actionpack (4.1.1) lib/action_dispatch/middleware/static.rb:64:in `call'
  rack (1.5.2) lib/rack/sendfile.rb:112:in `call'
  railties (4.1.1) lib/rails/engine.rb:514:in `call'
  railties (4.1.1) lib/rails/application.rb:144:in `call'
  rack (1.5.2) lib/rack/lock.rb:17:in `call'
  rack (1.5.2) lib/rack/content_length.rb:14:in `call'
  rack (1.5.2) lib/rack/handler/webrick.rb:60:in `service'
  /Users/joansoskin/.rvm/rubies/ruby-2.0.0-p451/lib/ruby/2.0.0/webrick/httpserver.rb:138:in `service'
  /Users/joansoskin/.rvm/rubies/ruby-2.0.0-p451/lib/ruby/2.0.0/webrick/httpserver.rb:94:in `run'
  /Users/joansoskin/.rvm/rubies/ruby-2.0.0-p451/lib/ruby/2.0.0/webrick/server.rb:295:in `block in start_thread'


  Rendered /Users/joansoskin/.rvm/gems/ruby-2.0.0-p451@global/gems/actionpack-4.1.1/lib/action_dispatch/middleware/templates/rescues/_source.erb (0.6ms)
  Rendered /Users/joansoskin/.rvm/gems/ruby-2.0.0-p451@global/gems/actionpack-4.1.1/lib/action_dispatch/middleware/templates/rescues/_trace.html.erb (1.4ms)
  Rendered /Users/joansoskin/.rvm/gems/ruby-2.0.0-p451@global/gems/actionpack-4.1.1/lib/action_dispatch/middleware/templates/rescues/_request_and_response.html.erb (2.8ms)
  Rendered /Users/joansoskin/.rvm/gems/ruby-2.0.0-p451@global/gems/actionpack-4.1.1/lib/action_dispatch/middleware/templates/rescues/diagnostics.erb within rescues/layout (36.5ms)


Started GET "/" for 127.0.0.1 at 2014-06-23 12:19:10 -0400

ActiveRecord::PendingMigrationError (

Migrations are pending. To resolve this issue, run:

	bin/rake db:migrate RAILS_ENV=development

):
  activerecord (4.1.1) lib/active_record/migration.rb:389:in `check_pending!'
  activerecord (4.1.1) lib/active_record/migration.rb:377:in `call'
  actionpack (4.1.1) lib/action_dispatch/middleware/callbacks.rb:29:in `block in call'
  activesupport (4.1.1) lib/active_support/callbacks.rb:82:in `run_callbacks'
  actionpack (4.1.1) lib/action_dispatch/middleware/callbacks.rb:27:in `call'
  actionpack (4.1.1) lib/action_dispatch/middleware/reloader.rb:73:in `call'
  actionpack (4.1.1) lib/action_dispatch/middleware/remote_ip.rb:76:in `call'
  actionpack (4.1.1) lib/action_dispatch/middleware/debug_exceptions.rb:17:in `call'
  actionpack (4.1.1) lib/action_dispatch/middleware/show_exceptions.rb:30:in `call'
  railties (4.1.1) lib/rails/rack/logger.rb:38:in `call_app'
  railties (4.1.1) lib/rails/rack/logger.rb:20:in `block in call'
  activesupport (4.1.1) lib/active_support/tagged_logging.rb:68:in `block in tagged'
  activesupport (4.1.1) lib/active_support/tagged_logging.rb:26:in `tagged'
  activesupport (4.1.1) lib/active_support/tagged_logging.rb:68:in `tagged'
  railties (4.1.1) lib/rails/rack/logger.rb:20:in `call'
  actionpack (4.1.1) lib/action_dispatch/middleware/request_id.rb:21:in `call'
  rack (1.5.2) lib/rack/methodoverride.rb:21:in `call'
  rack (1.5.2) lib/rack/runtime.rb:17:in `call'
  activesupport (4.1.1) lib/active_support/cache/strategy/local_cache_middleware.rb:26:in `call'
  rack (1.5.2) lib/rack/lock.rb:17:in `call'
  actionpack (4.1.1) lib/action_dispatch/middleware/static.rb:64:in `call'
  rack (1.5.2) lib/rack/sendfile.rb:112:in `call'
  railties (4.1.1) lib/rails/engine.rb:514:in `call'
  railties (4.1.1) lib/rails/application.rb:144:in `call'
  rack (1.5.2) lib/rack/lock.rb:17:in `call'
  rack (1.5.2) lib/rack/content_length.rb:14:in `call'
  rack (1.5.2) lib/rack/handler/webrick.rb:60:in `service'
  /Users/joansoskin/.rvm/rubies/ruby-2.0.0-p451/lib/ruby/2.0.0/webrick/httpserver.rb:138:in `service'
  /Users/joansoskin/.rvm/rubies/ruby-2.0.0-p451/lib/ruby/2.0.0/webrick/httpserver.rb:94:in `run'
  /Users/joansoskin/.rvm/rubies/ruby-2.0.0-p451/lib/ruby/2.0.0/webrick/server.rb:295:in `block in start_thread'


  Rendered /Users/joansoskin/.rvm/gems/ruby-2.0.0-p451@global/gems/actionpack-4.1.1/lib/action_dispatch/middleware/templates/rescues/_source.erb (0.5ms)
  Rendered /Users/joansoskin/.rvm/gems/ruby-2.0.0-p451@global/gems/actionpack-4.1.1/lib/action_dispatch/middleware/templates/rescues/_trace.html.erb (0.9ms)
  Rendered /Users/joansoskin/.rvm/gems/ruby-2.0.0-p451@global/gems/actionpack-4.1.1/lib/action_dispatch/middleware/templates/rescues/_request_and_response.html.erb (0.7ms)
  Rendered /Users/joansoskin/.rvm/gems/ruby-2.0.0-p451@global/gems/actionpack-4.1.1/lib/action_dispatch/middleware/templates/rescues/diagnostics.erb within rescues/layout (14.3ms)
  [1m[36m (1.0ms)[0m  [1mCREATE TABLE "schema_migrations" ("version" varchar(255) NOT NULL) [0m
  [1m[35m (0.5ms)[0m  select sqlite_version(*)
  [1m[36m (0.9ms)[0m  [1mCREATE UNIQUE INDEX "unique_schema_migrations" ON "schema_migrations" ("version")[0m
  [1m[35mActiveRecord::SchemaMigration Load (0.1ms)[0m  SELECT "schema_migrations".* FROM "schema_migrations"
Migrating to CreateCustomers (20140623160953)
  [1m[36m (0.1ms)[0m  [1mbegin transaction[0m
  [1m[35m (0.4ms)[0m  CREATE TABLE "customers" ("id" INTEGER PRIMARY KEY AUTOINCREMENT NOT NULL, "name" varchar(255), "category" varchar(255), "created_at" datetime, "updated_at" datetime) 
  [1m[36mSQL (0.2ms)[0m  [1mINSERT INTO "schema_migrations" ("version") VALUES (?)[0m  [["version", "20140623160953"]]
  [1m[35m (0.7ms)[0m  commit transaction
  [1m[36mActiveRecord::SchemaMigration Load (0.1ms)[0m  [1mSELECT "schema_migrations".* FROM "schema_migrations"[0m


Started GET "/" for 127.0.0.1 at 2014-06-23 12:19:28 -0400
  [1m[36mActiveRecord::SchemaMigration Load (0.2ms)[0m  [1mSELECT "schema_migrations".* FROM "schema_migrations"[0m
Processing by WelcomeController#index as HTML
  Rendered welcome/index.html.erb within layouts/application (0.3ms)
Completed 200 OK in 973ms (Views: 964.4ms | ActiveRecord: 0.0ms)


Started GET "/assets/welcome.css?body=1" for 127.0.0.1 at 2014-06-23 12:19:29 -0400


Started GET "/assets/customers.js?body=1" for 127.0.0.1 at 2014-06-23 12:19:29 -0400


Started GET "/assets/application.css?body=1" for 127.0.0.1 at 2014-06-23 12:19:29 -0400


Started GET "/assets/welcome.js?body=1" for 127.0.0.1 at 2014-06-23 12:19:29 -0400


Started GET "/assets/customers.css?body=1" for 127.0.0.1 at 2014-06-23 12:19:29 -0400


Started GET "/assets/scaffolds.css?body=1" for 127.0.0.1 at 2014-06-23 12:19:29 -0400


Started GET "/assets/jquery.js?body=1" for 127.0.0.1 at 2014-06-23 12:19:29 -0400


Started GET "/assets/jquery_ujs.js?body=1" for 127.0.0.1 at 2014-06-23 12:19:29 -0400


Started GET "/assets/turbolinks.js?body=1" for 127.0.0.1 at 2014-06-23 12:19:29 -0400


Started GET "/assets/application.js?body=1" for 127.0.0.1 at 2014-06-23 12:19:29 -0400


Started GET "/" for 127.0.0.1 at 2014-06-23 12:21:46 -0400
Processing by WelcomeController#index as HTML
  Rendered welcome/index.html.erb within layouts/application (2.9ms)
Completed 200 OK in 8ms (Views: 7.1ms | ActiveRecord: 0.0ms)


Started GET "/assets/scaffolds.css?body=1" for 127.0.0.1 at 2014-06-23 12:21:46 -0400


Started GET "/assets/jquery.js?body=1" for 127.0.0.1 at 2014-06-23 12:21:46 -0400


Started GET "/assets/jquery_ujs.js?body=1" for 127.0.0.1 at 2014-06-23 12:21:46 -0400


Started GET "/assets/application.css?body=1" for 127.0.0.1 at 2014-06-23 12:21:46 -0400


Started GET "/assets/welcome.css?body=1" for 127.0.0.1 at 2014-06-23 12:21:46 -0400


Started GET "/assets/turbolinks.js?body=1" for 127.0.0.1 at 2014-06-23 12:21:46 -0400


Started GET "/assets/customers.css?body=1" for 127.0.0.1 at 2014-06-23 12:21:46 -0400


Started GET "/assets/customers.js?body=1" for 127.0.0.1 at 2014-06-23 12:21:46 -0400


Started GET "/assets/welcome.js?body=1" for 127.0.0.1 at 2014-06-23 12:21:46 -0400


Started GET "/assets/application.js?body=1" for 127.0.0.1 at 2014-06-23 12:21:46 -0400


Started GET "/" for 127.0.0.1 at 2014-06-23 12:22:52 -0400
Processing by WelcomeController#index as HTML
  Rendered welcome/index.html.erb within layouts/application (0.5ms)
Completed 200 OK in 5ms (Views: 4.6ms | ActiveRecord: 0.0ms)


Started GET "/assets/scaffolds.css?body=1" for 127.0.0.1 at 2014-06-23 12:22:52 -0400


Started GET "/assets/jquery_ujs.js?body=1" for 127.0.0.1 at 2014-06-23 12:22:52 -0400


Started GET "/assets/application.css?body=1" for 127.0.0.1 at 2014-06-23 12:22:52 -0400


Started GET "/assets/welcome.css?body=1" for 127.0.0.1 at 2014-06-23 12:22:52 -0400


Started GET "/assets/turbolinks.js?body=1" for 127.0.0.1 at 2014-06-23 12:22:52 -0400


Started GET "/assets/customers.js?body=1" for 127.0.0.1 at 2014-06-23 12:22:52 -0400


Started GET "/assets/jquery.js?body=1" for 127.0.0.1 at 2014-06-23 12:22:52 -0400


Started GET "/assets/customers.css?body=1" for 127.0.0.1 at 2014-06-23 12:22:52 -0400


Started GET "/assets/welcome.js?body=1" for 127.0.0.1 at 2014-06-23 12:22:52 -0400


Started GET "/assets/application.js?body=1" for 127.0.0.1 at 2014-06-23 12:22:52 -0400
